\BOOKMARK [1][-]{section.1}{\376\377\000I\000n\000t\000r\000o\000d\000u\000c\000c\000i\000\363\000n}{}% 1
\BOOKMARK [2][-]{subsection.1.1}{\376\377\000P\000r\000o\000p\000\363\000s\000i\000t\000o\000\040\000d\000e\000l\000\040\000l\000a\000b\000o\000r\000a\000t\000o\000r\000i\000o}{section.1}% 2
\BOOKMARK [2][-]{subsection.1.2}{\376\377\000D\000e\000s\000c\000r\000i\000p\000c\000i\000\363\000n\000\040\000g\000e\000n\000e\000r\000a\000l\000\040\000d\000e\000\040\000l\000o\000s\000\040\000m\000\363\000d\000u\000l\000o\000s}{section.1}% 3
\BOOKMARK [2][-]{subsection.1.3}{\376\377\000C\000o\000m\000p\000e\000t\000e\000n\000c\000i\000a\000s\000\040\000d\000e\000s\000a\000r\000r\000o\000l\000l\000a\000d\000a\000s}{section.1}% 4
\BOOKMARK [2][-]{subsection.1.4}{\376\377\000C\000i\000e\000r\000r\000e\000\040\000o\000\040\000e\000n\000f\000o\000q\000u\000e\000\040\000g\000l\000o\000b\000a\000l}{section.1}% 5
\BOOKMARK [1][-]{section.2}{\376\377\000M\000a\000r\000c\000o\000\040\000t\000e\000\363\000r\000i\000c\000o}{}% 6
\BOOKMARK [2][-]{subsection.2.1}{\376\377\000P\000r\000o\000c\000e\000s\000a\000m\000i\000e\000n\000t\000o\000\040\000d\000e\000\040\000s\000e\000\361\000a\000l\000e\000s\000\040\000y\000\040\000s\000e\000n\000s\000o\000r\000e\000s\000\040\000d\000e\000\040\000c\000o\000l\000o\000r}{section.2}% 7
\BOOKMARK [2][-]{subsection.2.2}{\376\377\000S\000e\000\361\000a\000l\000e\000s\000\040\000P\000W\000M\000\040\000y\000\040\000c\000o\000n\000t\000r\000o\000l\000\040\000d\000e\000\040\000s\000e\000r\000v\000o\000m\000o\000t\000o\000r\000e\000s}{section.2}% 8
\BOOKMARK [2][-]{subsection.2.3}{\376\377\000R\000e\000p\000r\000o\000d\000u\000c\000c\000i\000\363\000n\000\040\000d\000e\000\040\000s\000o\000n\000i\000d\000o\000\040\000d\000i\000g\000i\000t\000a\000l}{section.2}% 9
\BOOKMARK [2][-]{subsection.2.4}{\376\377\000I\000n\000t\000e\000r\000f\000a\000z\000\040\000d\000e\000\040\000u\000s\000u\000a\000r\000i\000o\000\040\000e\000\040\000i\000n\000t\000e\000r\000a\000c\000c\000i\000\363\000n\000\040\000h\000o\000m\000b\000r\000e\040\023\000m\000\341\000q\000u\000i\000n\000a}{section.2}% 10
\BOOKMARK [2][-]{subsection.2.5}{\376\377\000A\000l\000m\000a\000c\000e\000n\000a\000m\000i\000e\000n\000t\000o\000\040\000n\000o\000\040\000v\000o\000l\000\341\000t\000i\000l\000\040\000y\000\040\000E\000E\000P\000R\000O\000M}{section.2}% 11
\BOOKMARK [2][-]{subsection.2.6}{\376\377\000P\000l\000a\000n\000i\000f\000i\000c\000a\000c\000i\000\363\000n\000\040\000t\000e\000m\000p\000o\000r\000a\000l\000\040\000y\000\040\000m\000u\000l\000t\000i\000t\000a\000r\000e\000a\000\040\000c\000o\000o\000p\000e\000r\000a\000t\000i\000v\000a}{section.2}% 12
\BOOKMARK [1][-]{section.3}{\376\377\000M\000e\000t\000o\000d\000o\000l\000o\000g\000\355\000a}{}% 13
\BOOKMARK [2][-]{subsection.3.1}{\376\377\000M\000a\000t\000e\000r\000i\000a\000l\000e\000s\000\040\000y\000\040\000H\000e\000r\000r\000a\000m\000i\000e\000n\000t\000a\000s}{section.3}% 14
\BOOKMARK [2][-]{subsection.3.2}{\376\377\000P\000r\000o\000c\000e\000d\000i\000m\000i\000e\000n\000t\000o\000\040\000g\000e\000n\000e\000r\000a\000l}{section.3}% 15
\BOOKMARK [3][-]{subsubsection.3.2.1}{\376\377\000P\000l\000o\000t\000t\000e\000r}{subsection.3.2}% 16
\BOOKMARK [3][-]{subsubsection.3.2.2}{\376\377\000C\000o\000l\000o\000r\000e\000s}{subsection.3.2}% 17
\BOOKMARK [3][-]{subsubsection.3.2.3}{\376\377\000P\000i\000a\000n\000o}{subsection.3.2}% 18
\BOOKMARK [3][-]{subsubsection.3.2.4}{\376\377\000C\000e\000r\000r\000a\000d\000u\000r\000a}{subsection.3.2}% 19
\BOOKMARK [1][-]{section.4}{\376\377\000R\000e\000s\000u\000l\000t\000a\000d\000o\000s}{}% 20
\BOOKMARK [2][-]{subsection.4.1}{\376\377\000R\000e\000s\000u\000l\000t\000a\000d\000o\000s\000\040\000p\000o\000r\000\040\000m\000\363\000d\000u\000l\000o}{section.4}% 21
\BOOKMARK [3][-]{subsubsection.4.1.1}{\376\377\000P\000l\000o\000t\000t\000e\000r}{subsection.4.1}% 22
\BOOKMARK [3][-]{subsubsection.4.1.2}{\376\377\000C\000o\000l\000o\000r\000e\000s}{subsection.4.1}% 23
\BOOKMARK [3][-]{subsubsection.4.1.3}{\376\377\000P\000i\000a\000n\000o}{subsection.4.1}% 24
\BOOKMARK [3][-]{subsubsection.4.1.4}{\376\377\000C\000e\000r\000r\000a\000d\000u\000r\000a}{subsection.4.1}% 25
\BOOKMARK [2][-]{subsection.4.2}{\376\377\000E\000v\000i\000d\000e\000n\000c\000i\000a\000s\000\040\000g\000r\000\341\000f\000i\000c\000a\000s\000\040\000y\000\040\000m\000e\000d\000i\000c\000i\000o\000n\000e\000s}{section.4}% 26
\BOOKMARK [2][-]{subsection.4.3}{\376\377\000C\000o\000m\000e\000n\000t\000a\000r\000i\000o\000\040\000g\000e\000n\000e\000r\000a\000l}{section.4}% 27
\BOOKMARK [1][-]{section.5}{\376\377\000C\000o\000n\000l\000u\000s\000i\000o\000n\000e\000s}{}% 28
\BOOKMARK [2][-]{subsection.5.1}{\376\377\000P\000l\000o\000t\000t\000e\000r}{section.5}% 29
\BOOKMARK [2][-]{subsection.5.2}{\376\377\000C\000o\000l\000o\000r\000e\000s}{section.5}% 30
\BOOKMARK [2][-]{subsection.5.3}{\376\377\000P\000i\000a\000n\000o}{section.5}% 31
\BOOKMARK [2][-]{subsection.5.4}{\376\377\000C\000e\000r\000r\000a\000d\000u\000r\000a}{section.5}% 32
\BOOKMARK [1][-]{section*.8}{\376\377\000R\000e\000f\000e\000r\000e\000n\000c\000i\000a\000s}{}% 33
\BOOKMARK [1][-]{section.6}{\376\377\000A\000n\000e\000x\000o\000s}{}% 34
\BOOKMARK [2][-]{subsection.6.1}{\376\377\000F\000r\000a\000g\000m\000e\000n\000t\000o\000s\000\040\000d\000e\000\040\000c\000o\000d\000i\000g\000o}{section.6}% 35
\BOOKMARK [3][-]{subsubsection.6.1.1}{\376\377\000P\000l\000o\000t\000t\000e\000r}{subsection.6.1}% 36
\BOOKMARK [3][-]{subsubsection.6.1.2}{\376\377\000C\000o\000l\000o\000r\000e\000s}{subsection.6.1}% 37
\BOOKMARK [3][-]{subsubsection.6.1.3}{\376\377\000P\000i\000a\000n\000o}{subsection.6.1}% 38
\BOOKMARK [3][-]{subsubsection.6.1.4}{\376\377\000C\000e\000r\000r\000a\000d\000u\000r\000a}{subsection.6.1}% 39
